<?xml version="1.0" encoding="UTF-8"?>
<!-- Generated by org.testng.reporters.JUnitReportReporter -->
<testsuite hostname="DESKTOP-VURRA98" failures="0" tests="3" name="com.mk.qa.testcases.testcase" time="31.299" errors="0" timestamp="2022-10-28T18:44:34 IST" skipped="0">
  <testcase classname="com.mk.qa.testcases.testcase" name="delete" time="4.305"/>
  <system-out/>
  <testcase classname="com.mk.qa.testcases.testcase" name="collegelinkclicking" time="20.751"/>
  <system-out/>
  <testcase classname="com.mk.qa.testcases.testcase" name="validations" time="6.243"/>
  <system-out/>
</testsuite> <!-- com.mk.qa.testcases.testcase -->
