<?xml version="1.0" encoding="UTF-8"?>
<!-- Generated by org.testng.reporters.JUnitReportReporter -->
<testsuite hostname="DESKTOP-VURRA98" failures="0" tests="3" name="com.mk.qa.testcases.scenario2testcase" time="35.074" errors="0" timestamp="2022-10-28T18:44:34 IST" skipped="0">
  <testcase classname="com.mk.qa.testcases.scenario2testcase" name="beforeupdatestudentmarks" time="15.497"/>
  <system-out/>
  <testcase classname="com.mk.qa.testcases.scenario2testcase" name="adminupdatestudentmarks" time="6.040"/>
  <system-out/>
  <testcase classname="com.mk.qa.testcases.scenario2testcase" name="afterstudentmarksupdate" time="13.537"/>
  <system-out/>
</testsuite> <!-- com.mk.qa.testcases.scenario2testcase -->
